L 12/30/2025 - 19:07:27: SourceMod log file session started (file "d:\steam\steamapps\common\left 4 dead 2\left4dead2\addons\sourcemod\logs\L20251230.log") (Version "1.12.0.7164")
L 12/30/2025 - 19:07:27: [[L4D2]SlotsCount.smx] Setting timer for 149.77 seconds
L 12/30/2025 - 19:07:27: [[L4D2]SlotsCount.smx] Player Count Chat v1.0.1 has been loaded.
L 12/30/2025 - 19:07:31: [basecommands.smx] "Console<0><Console><Console>" changed cvar (cvar "hostname") (value "Root - Tank Run")
L 12/30/2025 - 19:07:31: [basecommands.smx] "Console<0><Console><Console>" changed cvar (cvar "survivor_max_incapacitated_count") (value "0")
L 12/30/2025 - 19:07:31: [basecommands.smx] "Console<0><Console><Console>" changed cvar (cvar "ammo_m60_max") (value "500")
L 12/30/2025 - 19:07:31: [basecommands.smx] "Console<0><Console><Console>" changed cvar (cvar "precache_all_survivors") (value "1")
L 12/30/2025 - 19:07:31: [basecommands.smx] "Console<0><Console><Console>" changed cvar (cvar "sv_consistency") (value "0")
L 12/30/2025 - 19:07:33: [chat-processor.smx] Message formats generated for game 'left4dead2'.
L 12/30/2025 - 19:07:33: [chat-processor.smx] Successfully hooked a SayText2 chat hook.
L 12/30/2025 - 19:10:06: [[L4D2]SlotsCount.smx] Announcing player count: 1/8
L 12/30/2025 - 19:10:06: [[L4D2]SlotsCount.smx] Setting timer for 128.26 seconds
L 12/30/2025 - 19:12:14: [[L4D2]SlotsCount.smx] Announcing player count: 1/8
L 12/30/2025 - 19:12:14: [[L4D2]SlotsCount.smx] Setting timer for 102.18 seconds
L 12/30/2025 - 19:12:53: -------- Mapchange to c1m2_streets --------
L 12/30/2025 - 19:12:55: [[L4D2]SlotsCount.smx] Setting timer for 111.19 seconds
L 12/30/2025 - 19:12:55: [basecommands.smx] "Console<0><Console><Console>" changed cvar (cvar "hostname") (value "Root - Tank Run")
L 12/30/2025 - 19:12:55: [basecommands.smx] "Console<0><Console><Console>" changed cvar (cvar "survivor_max_incapacitated_count") (value "0")
L 12/30/2025 - 19:12:55: [basecommands.smx] "Console<0><Console><Console>" changed cvar (cvar "ammo_m60_max") (value "500")
L 12/30/2025 - 19:12:55: [basecommands.smx] "Console<0><Console><Console>" changed cvar (cvar "precache_all_survivors") (value "1")
L 12/30/2025 - 19:12:55: [basecommands.smx] "Console<0><Console><Console>" changed cvar (cvar "sv_consistency") (value "0")
L 12/30/2025 - 19:12:55: [chat-processor.smx] Message formats generated for game 'left4dead2'.
L 12/30/2025 - 19:12:55: [chat-processor.smx] Successfully hooked a SayText2 chat hook.
L 12/30/2025 - 19:14:51: [[L4D2]SlotsCount.smx] Announcing player count: 1/8
L 12/30/2025 - 19:14:51: [[L4D2]SlotsCount.smx] Setting timer for 159.15 seconds
L 12/30/2025 - 19:17:31: [[L4D2]SlotsCount.smx] Announcing player count: 1/8
L 12/30/2025 - 19:17:31: [[L4D2]SlotsCount.smx] Setting timer for 114.47 seconds
L 12/30/2025 - 19:19:25: [[L4D2]SlotsCount.smx] Announcing player count: 2/8
L 12/30/2025 - 19:19:25: [[L4D2]SlotsCount.smx] Setting timer for 136.81 seconds
L 12/30/2025 - 19:21:42: [[L4D2]SlotsCount.smx] Announcing player count: 1/8
L 12/30/2025 - 19:21:42: [[L4D2]SlotsCount.smx] Setting timer for 161.23 seconds
L 12/30/2025 - 19:24:24: [[L4D2]SlotsCount.smx] Announcing player count: 1/8
L 12/30/2025 - 19:24:24: [[L4D2]SlotsCount.smx] Setting timer for 129.40 seconds
L 12/30/2025 - 19:26:33: [[L4D2]SlotsCount.smx] Announcing player count: 2/8
L 12/30/2025 - 19:26:33: [[L4D2]SlotsCount.smx] Setting timer for 115.06 seconds
L 12/30/2025 - 19:28:28: [[L4D2]SlotsCount.smx] Announcing player count: 2/8
L 12/30/2025 - 19:28:28: [[L4D2]SlotsCount.smx] Setting timer for 135.65 seconds
L 12/30/2025 - 19:30:44: [[L4D2]SlotsCount.smx] Announcing player count: 1/8
L 12/30/2025 - 19:30:44: [[L4D2]SlotsCount.smx] Setting timer for 128.94 seconds
L 12/30/2025 - 19:32:53: [[L4D2]SlotsCount.smx] Announcing player count: 1/8
L 12/30/2025 - 19:32:53: [[L4D2]SlotsCount.smx] Setting timer for 139.34 seconds
L 12/30/2025 - 19:35:13: [[L4D2]SlotsCount.smx] Announcing player count: 1/8
L 12/30/2025 - 19:35:13: [[L4D2]SlotsCount.smx] Setting timer for 168.58 seconds
L 12/30/2025 - 19:36:31: [[L4D2]SlotsCount.smx] Player Count Chat v1.0.1 has been unloaded.
L 12/30/2025 - 19:36:31: Log file closed.
