L 12/30/2025 - 19:07:58: remove drop weapon = weapon_pistol_magnum
L 12/30/2025 - 19:09:50: remove drop weapon = weapon_pain_pills
L 12/30/2025 - 19:09:50: remove drop weapon = weapon_pumpshotgun
L 12/30/2025 - 19:09:51: remove drop weapon = weapon_pumpshotgun
L 12/30/2025 - 19:11:42: remove drop weapon = weapon_sniper_awp
L 12/30/2025 - 19:12:08: remove drop weapon = weapon_pain_pills
L 12/30/2025 - 19:12:08: remove drop weapon = weapon_smg_silenced
L 12/30/2025 - 19:12:15: remove drop weapon = weapon_pistol_magnum
L 12/30/2025 - 19:12:15: remove drop weapon = weapon_pumpshotgun
L 12/30/2025 - 19:12:32: remove drop weapon = weapon_adrenaline
L 12/30/2025 - 19:12:32: remove drop weapon = weapon_sniper_awp
L 12/30/2025 - 19:12:46: remove drop weapon = weapon_pistol_magnum
L 12/30/2025 - 19:12:46: remove drop weapon = weapon_pumpshotgun
L 12/30/2025 - 19:13:19: remove drop weapon = weapon_pistol_magnum
L 12/30/2025 - 19:13:19: remove drop weapon = weapon_pumpshotgun
L 12/30/2025 - 19:13:33: remove drop weapon = weapon_sniper_awp
L 12/30/2025 - 19:14:09: remove drop weapon = weapon_pumpshotgun
L 12/30/2025 - 19:14:50: remove drop weapon = weapon_adrenaline
L 12/30/2025 - 19:14:50: remove drop weapon = weapon_pumpshotgun
L 12/30/2025 - 19:15:25: remove drop weapon = weapon_pumpshotgun
L 12/30/2025 - 19:15:29: remove drop weapon = weapon_pumpshotgun
L 12/30/2025 - 19:15:33: remove drop weapon = weapon_pumpshotgun
L 12/30/2025 - 19:15:33: remove drop weapon = weapon_pumpshotgun
L 12/30/2025 - 19:15:53: remove drop weapon = weapon_pumpshotgun
L 12/30/2025 - 19:16:22: remove drop weapon = weapon_adrenaline
L 12/30/2025 - 19:16:22: remove drop weapon = weapon_grenade_launcher
L 12/30/2025 - 19:16:28: remove drop weapon = weapon_pistol_magnum
L 12/30/2025 - 19:16:28: remove drop weapon = weapon_pumpshotgun
L 12/30/2025 - 19:16:30: remove drop weapon = weapon_pumpshotgun
L 12/30/2025 - 19:16:43: remove drop weapon = weapon_pistol_magnum
L 12/30/2025 - 19:16:43: remove drop weapon = weapon_pumpshotgun
L 12/30/2025 - 19:19:06: remove drop weapon = weapon_sniper_awp
L 12/30/2025 - 19:19:25: remove drop weapon = weapon_adrenaline
L 12/30/2025 - 19:19:25: remove drop weapon = weapon_pumpshotgun
L 12/30/2025 - 19:20:25: remove drop weapon = weapon_pain_pills
L 12/30/2025 - 19:20:25: remove drop weapon = weapon_pumpshotgun
L 12/30/2025 - 19:20:35: remove drop weapon = weapon_adrenaline
L 12/30/2025 - 19:20:35: remove drop weapon = weapon_pumpshotgun
L 12/30/2025 - 19:20:48: remove drop weapon = weapon_adrenaline
L 12/30/2025 - 19:20:48: remove drop weapon = weapon_pumpshotgun
L 12/30/2025 - 19:20:49: remove drop weapon = weapon_pain_pills
L 12/30/2025 - 19:20:49: remove drop weapon = weapon_pumpshotgun
L 12/30/2025 - 19:20:52: remove drop weapon = weapon_pumpshotgun
L 12/30/2025 - 19:21:24: remove drop weapon = weapon_smg_mp5
L 12/30/2025 - 19:21:28: remove drop weapon = weapon_pumpshotgun
L 12/30/2025 - 19:22:13: remove drop weapon = weapon_shotgun_chrome
L 12/30/2025 - 19:22:16: remove drop weapon = weapon_pumpshotgun
L 12/30/2025 - 19:22:33: remove drop weapon = weapon_pistol_magnum
L 12/30/2025 - 19:22:33: remove drop weapon = weapon_pumpshotgun
L 12/30/2025 - 19:22:57: remove drop weapon = weapon_rifle_m60
L 12/30/2025 - 19:22:58: remove drop weapon = weapon_rifle
L 12/30/2025 - 19:23:03: remove drop weapon = weapon_defibrillator
L 12/30/2025 - 19:24:13: remove drop weapon = weapon_pain_pills
L 12/30/2025 - 19:24:13: remove drop weapon = weapon_pumpshotgun
L 12/30/2025 - 19:24:13: remove drop weapon = weapon_adrenaline
L 12/30/2025 - 19:24:13: remove drop weapon = weapon_pumpshotgun
L 12/30/2025 - 19:24:13: remove drop weapon = weapon_pain_pills
L 12/30/2025 - 19:24:13: remove drop weapon = weapon_pumpshotgun
L 12/30/2025 - 19:24:13: remove drop weapon = weapon_vomitjar
L 12/30/2025 - 19:24:13: remove drop weapon = weapon_adrenaline
L 12/30/2025 - 19:24:13: remove drop weapon = weapon_sniper_awp
L 12/30/2025 - 19:24:21: remove drop weapon = weapon_pistol_magnum
L 12/30/2025 - 19:24:21: remove drop weapon = weapon_pumpshotgun
L 12/30/2025 - 19:24:37: remove drop weapon = weapon_sniper_awp
L 12/30/2025 - 19:25:06: remove drop weapon = weapon_adrenaline
L 12/30/2025 - 19:25:06: remove drop weapon = weapon_pumpshotgun
L 12/30/2025 - 19:25:06: remove drop weapon = weapon_adrenaline
L 12/30/2025 - 19:25:06: remove drop weapon = weapon_pumpshotgun
L 12/30/2025 - 19:25:10: remove drop weapon = weapon_pumpshotgun
L 12/30/2025 - 19:25:10: remove drop weapon = weapon_adrenaline
L 12/30/2025 - 19:25:25: remove drop weapon = weapon_pistol_magnum
L 12/30/2025 - 19:25:25: remove drop weapon = weapon_pumpshotgun
L 12/30/2025 - 19:27:17: remove drop weapon = weapon_pumpshotgun
L 12/30/2025 - 19:27:17: remove drop weapon = weapon_rifle_ak47
L 12/30/2025 - 19:27:37: remove drop weapon = weapon_rifle_ak47
L 12/30/2025 - 19:27:45: remove drop weapon = weapon_pistol_magnum
L 12/30/2025 - 19:28:33: remove drop weapon = weapon_adrenaline
L 12/30/2025 - 19:28:33: remove drop weapon = weapon_grenade_launcher
L 12/30/2025 - 19:28:53: remove drop weapon = weapon_pain_pills
L 12/30/2025 - 19:28:53: remove drop weapon = weapon_pumpshotgun
L 12/30/2025 - 19:29:19: remove drop weapon = weapon_adrenaline
L 12/30/2025 - 19:29:19: remove drop weapon = weapon_pumpshotgun
L 12/30/2025 - 19:29:28: remove drop weapon = weapon_adrenaline
L 12/30/2025 - 19:29:28: remove drop weapon = weapon_pumpshotgun
L 12/30/2025 - 19:29:29: remove drop weapon = weapon_pumpshotgun
L 12/30/2025 - 19:29:42: remove drop weapon = weapon_sniper_awp
L 12/30/2025 - 19:29:43: remove drop weapon = weapon_pumpshotgun
L 12/30/2025 - 19:29:43: remove drop weapon = weapon_pumpshotgun
L 12/30/2025 - 19:29:43: remove drop weapon = weapon_pumpshotgun
L 12/30/2025 - 19:29:44: remove drop weapon = weapon_pumpshotgun
L 12/30/2025 - 19:30:59: remove drop weapon = weapon_adrenaline
L 12/30/2025 - 19:36:08: remove drop weapon = weapon_pistol_magnum
L 12/30/2025 - 19:36:08: remove drop weapon = weapon_pumpshotgun
L 12/30/2025 - 19:36:12: remove drop weapon = weapon_sniper_awp
