L 10/05/2025 - 13:19:41: SourceMod error session started
L 10/05/2025 - 13:19:41: Info (map "c8m1_apartment") (file "/home/container/left4dead2/addons/sourcemod/logs/errors_20251005.log")
L 10/05/2025 - 13:19:41: [SM] Failed to load plugin "nextmap.smx": Nextmap is incompatible with this game.
L 10/05/2025 - 13:44:27: Error log file session closed.
L 10/05/2025 - 14:35:39: SourceMod error session started
L 10/05/2025 - 14:35:39: Info (map "c8m1_apartment") (file "/home/container/left4dead2/addons/sourcemod/logs/errors_20251005.log")
L 10/05/2025 - 14:35:39: [SM] Exception reported: 
==========
Missing required file: "addons/sourcemod/gamedata/l4d_extinguisher.txt".
Read installation instructions again.
==========
L 10/05/2025 - 14:35:39: [SM] Blaming: l4d_extinguisher.smx
L 10/05/2025 - 14:35:39: [SM] Call stack trace:
L 10/05/2025 - 14:35:39: [SM]   [0] SetFailState
L 10/05/2025 - 14:35:39: [SM]   [1] Line 365, C:\Servers\L4D2\left4dead2\addons\sourcemod\scripting\l4d_extinguisher.sp::OnPluginStart
L 10/05/2025 - 14:35:39: [SM] Unable to load plugin "l4d_extinguisher.smx": Error detected in plugin startup (see error logs)
L 10/05/2025 - 14:35:39: [SM] Exception reported: 
==========
Missing required file: "addons/sourcemod/gamedata/l4d_pipebomb_shove.txt".
Read installation instructions again.
==========
L 10/05/2025 - 14:35:39: [SM] Blaming: l4d_pipebomb_shove.smx
L 10/05/2025 - 14:35:39: [SM] Call stack trace:
L 10/05/2025 - 14:35:39: [SM]   [0] SetFailState
L 10/05/2025 - 14:35:39: [SM]   [1] Line 178, /home/forums/content/files/8/5/7/7/8/105909.attach::OnPluginStart
L 10/05/2025 - 14:35:39: [SM] Unable to load plugin "l4d_pipebomb_shove.smx": Error detected in plugin startup (see error logs)
L 10/05/2025 - 14:35:39: [SM] Exception reported: 
==========
Missing required file: "addons/sourcemod/gamedata/l4d2_scavenge_score_fix.txt".
Read installation instructions again.
==========
L 10/05/2025 - 14:35:39: [SM] Blaming: l4d2_scavenge_score_fix.smx
L 10/05/2025 - 14:35:39: [SM] Call stack trace:
L 10/05/2025 - 14:35:39: [SM]   [0] SetFailState
L 10/05/2025 - 14:35:39: [SM]   [1] Line 128, /home/forums/content/files/8/5/7/7/8/124041.attach::OnPluginStart
L 10/05/2025 - 14:35:39: [SM] Unable to load plugin "l4d2_scavenge_score_fix.smx": Error detected in plugin startup (see error logs)
L 10/05/2025 - 14:37:03: [SM] Exception reported: File Not Found: addons/sourcemod/configs/advertisements.txt
L 10/05/2025 - 14:37:03: [SM] Blaming: advertisements.smx
L 10/05/2025 - 14:37:03: [SM] Call stack trace:
L 10/05/2025 - 14:37:03: [SM]   [0] SetFailState
L 10/05/2025 - 14:37:03: [SM]   [1] Line 260, d:\Github\Private-Work\L4D2-´¡¥ó\scripting_1.11\advertisements.sp::ParseAds
L 10/05/2025 - 14:37:03: [SM]   [2] Line 71, d:\Github\Private-Work\L4D2-´¡¥ó\scripting_1.11\advertisements.sp::OnConfigsExecuted
L 10/05/2025 - 14:37:03: [attachments_api.smx] 
==========
Missing required file: "addons/sourcemod/data/attachments_api.l4d2.cfg".
You have "attachments_api_models" cvar enabled but missing the required file.
Read installation instructions again.
==========
L 10/05/2025 - 14:37:03: [chat-processor.smx] Error parsing the flag message formatting config for game 'left4dead2', please verify its integrity.
